[Local Date/Time:	08-02-2014 11:06:25]
[Remote Address:	172.16.192.139:49377]
[Runner executing:	Run Everything]
[MonoTouch Version:	7.0.5]
[iPhone Simulator:	iPhone OS v7.0.3]
[Device Name:	iPhone Simulator]
[Device UDID:	FFFFFFFFEDF321E04F7840BE92A0C0E6869324F5]
[Device Locale:	en_US]
[Device Date/Time:	2/8/2014 11:06:27 AM]
[Bundle:	com.xamarin.touch-unit]



PubnubMessagingTests

CleanupGrantAtChannelLevel
	[PASS] AtChannelLevel
CleanupGrantAtChannelLevel : 15642 ms

CleanupGrantAtUserLevel
	[PASS] AtAUserLevel
CleanupGrantAtUserLevel : 32638 ms

EncryptionTests
	[PASS] TestArrayDecryption
	[PASS] TestArrayEncryption
	[PASS] TestGermanCharsDecryption
	[PASS] TestGermanCharsEncryption
	[PASS] TestHashDecryption
	[PASS] TestHashEncryption
	[PASS] TestMyObjectDecryption
	[PASS] TestMyObjectEncryption
	[PASS] TestNullDecryption
	[PASS] TestNullEncryption
	[PASS] TestObjectDecryption
	[PASS] TestObjectEncryption
	[PASS] TestPAMSignature
	[PASS] TestPubNubDecryption1
	[PASS] TestPubNubDecryption2
	[PASS] TestPubNubEncryption1
	[PASS] TestPubNubEncryption2
	[PASS] TestStuffcanDecryption
	[PASS] TestStuffCanEncryption
	[PASS] TestUnicodeCharsDecryption
	[PASS] TestUnicodeCharsEncryption
	[PASS] TestYayDecryption
	[PASS] TestYayDecryptionBasic
	[PASS] TestYayEncryption
	[PASS] TestYayEncryptionBasic
EncryptionTests : 55 ms

GenerateSampleGrant
	[PASS] AtChannelLevel
	[PASS] AtUserLevel
GenerateSampleGrant : 12048 ms

WhenAClientIsPresented
	[PASS] IfHereNowIsCalledThenItShouldReturnInfo
	[PASS] IfHereNowIsCalledWithCipherThenItShouldReturnInfo
	[PASS] ThenItShouldReturnReceivedMessage
	[PASS] ThenPresenceShouldReturnCustomUUID
WhenAClientIsPresented : 18128 ms

WhenAMessageIsPublished
	[PASS] IfSSLNotProvidedThenDefaultShouldBeFalse
	[PASS] NullShouldBeTreatedAsEmpty
	[PASS] ThenItShouldGenerateUniqueIdentifier
	[PASS] ThenItShouldReturnSuccessCodeAndInfo
	[PASS] ThenItShouldReturnSuccessCodeAndInfoForComplexMessage
	[PASS] ThenItShouldReturnSuccessCodeAndInfoForComplexMessage2
	[PASS] ThenItShouldReturnSuccessCodeAndInfoForComplexMessage2WithSsl
	[PASS] ThenItShouldReturnSuccessCodeAndInfoForEncryptedComplexMessage2
	[PASS] ThenItShouldReturnSuccessCodeAndInfoWhenEncrypted
	[PASS] ThenItShouldReturnSuccessCodeAndInfoWhenEncryptedAndSecretKeyed
	[PASS] ThenLargeMessageShoudFailWithMessageTooLargeInfo
	[PASS] ThenPublishKeyShouldBeOverriden
	[PASS] ThenPublishKeyShouldNotBeEmptyAfterOverriden
	[PASS] ThenSecretKeyShouldBeProvidedOptionally
WhenAMessageIsPublished : 7010 ms

WhenAuditIsRequested
	[PASS] ThenChannelLevelShouldReturnSuccess
	[PASS] ThenSubKeyLevelShouldReturnSuccess
WhenAuditIsRequested : 3999 ms

WhenDetailedHistoryIsRequested
	[PASS] DetailedHistoryDecryptedExample
	[PASS] DetailedHistoryExample
	[PASS] ItShouldReturnDetailedHistory
	[PASS] TestEncryptedDetailedHistory
	[PASS] TestEncryptedDetailedHistoryParams
	[PASS] TestEncryptedSecretDetailedHistoryParams
	[PASS] TestUnencryptedDetailedHistory
	[PASS] TestUnencryptedDetailedHistoryParams
	[PASS] TestUnencryptedSecretDetailedHistoryParams
WhenDetailedHistoryIsRequested : 42519 ms

WhenGetRequestServerTime
	[PASS] ThenItShouldReturnTimeStamp
WhenGetRequestServerTime : 862 ms

WhenGrantIsRequested
	[PASS] ThenChannelLevelWithReadShouldReturnSuccess
	[PASS] ThenChannelLevelWithReadWriteShouldReturnSuccess
	[PASS] ThenChannelLevelWithWriteShouldReturnSuccess
	[PASS] ThenMultipleAuthGrantShouldReturnSuccess
	[PASS] ThenMultipleChannelGrantShouldReturnSuccess
	[PASS] ThenRevokeAtChannelLevelReturnSuccess
	[PASS] ThenRevokeAtSubKeyLevelReturnSuccess
	[PASS] ThenRevokeAtUserLevelReturnSuccess
	[PASS] ThenSubKeyLevelWithReadShouldReturnSuccess
	[PASS] ThenSubKeyLevelWithReadWriteShouldReturnSuccess
	[PASS] ThenSubKeyLevelWithWriteShouldReturnSuccess
	[PASS] ThenUserLevelWithReadShouldReturnSuccess
	[PASS] ThenUserLevelWithReadWriteShouldReturnSuccess
	[PASS] ThenUserLevelWithWriteShouldReturnSuccess
WhenGrantIsRequested : 27175 ms

WhenSubscribedToAChannel
	[PASS] ThenDuplicateChannelShouldReturnAlreadySubscribed : Test passed
		  at PubNubMessaging.Tests.WhenSubscribedToAChannel.ThenDuplicateChannelShouldReturnAlreadySubscribed () [0x000e6] in /Users/rajat-ml/Projects/Xamarin.iOS/3.5/Pubnub-Messaging-modified-tests/PubnubMessaging.Tests/WhenSubscribedToAChannel.cs:348 
		  at (wrapper managed-to-native) System.Reflection.MonoMethod:InternalInvoke (System.Reflection.MonoMethod,object,object[],System.Exception&)
		  at System.Reflection.MonoMethod.Invoke (System.Object obj, BindingFlags invokeAttr, System.Reflection.Binder binder, System.Object[] parameters, System.Globalization.CultureInfo culture) [0x00044] in /Developer/MonoTouch/Source/mono/mcs/class/corlib/System.Reflection/MonoMethod.cs:230 
	[PASS] ThenItShouldReturnReceivedMessage
	[PASS] ThenItShouldReturnReceivedMessageCipher
	[PASS] ThenItShouldReturnReceivedMessageCipherForComplexMessage : Complex message test successful
		  at PubNubMessaging.Tests.WhenSubscribedToAChannel.ThenItShouldReturnReceivedMessageCipherForComplexMessage () [0x001a1] in /Users/rajat-ml/Projects/Xamarin.iOS/3.5/Pubnub-Messaging-modified-tests/PubnubMessaging.Tests/WhenSubscribedToAChannel.cs:136 
		  at (wrapper managed-to-native) System.Reflection.MonoMethod:InternalInvoke (System.Reflection.MonoMethod,object,object[],System.Exception&)
		  at System.Reflection.MonoMethod.Invoke (System.Object obj, BindingFlags invokeAttr, System.Reflection.Binder binder, System.Object[] parameters, System.Globalization.CultureInfo culture) [0x00044] in /Developer/MonoTouch/Source/mono/mcs/class/corlib/System.Reflection/MonoMethod.cs:230 
	[PASS] ThenItShouldReturnReceivedMessageForComplexMessage : Complex message test successful
		  at PubNubMessaging.Tests.WhenSubscribedToAChannel.ThenItShouldReturnReceivedMessageForComplexMessage () [0x001a1] in /Users/rajat-ml/Projects/Xamarin.iOS/3.5/Pubnub-Messaging-modified-tests/PubnubMessaging.Tests/WhenSubscribedToAChannel.cs:70 
		  at (wrapper managed-to-native) System.Reflection.MonoMethod:InternalInvoke (System.Reflection.MonoMethod,object,object[],System.Exception&)
		  at System.Reflection.MonoMethod.Invoke (System.Object obj, BindingFlags invokeAttr, System.Reflection.Binder binder, System.Object[] parameters, System.Globalization.CultureInfo culture) [0x00044] in /Developer/MonoTouch/Source/mono/mcs/class/corlib/System.Reflection/MonoMethod.cs:230 
	[PASS] ThenMultiSubscribeShouldReturnConnectStatus : Connected and status code received
		  at PubNubMessaging.Tests.WhenSubscribedToAChannel.ThenMultiSubscribeShouldReturnConnectStatus () [0x000f1] in /Users/rajat-ml/Projects/Xamarin.iOS/3.5/Pubnub-Messaging-modified-tests/PubnubMessaging.Tests/WhenSubscribedToAChannel.cs:321 
		  at (wrapper managed-to-native) System.Reflection.MonoMethod:InternalInvoke (System.Reflection.MonoMethod,object,object[],System.Exception&)
		  at System.Reflection.MonoMethod.Invoke (System.Object obj, BindingFlags invokeAttr, System.Reflection.Binder binder, System.Object[] parameters, System.Globalization.CultureInfo culture) [0x00044] in /Developer/MonoTouch/Source/mono/mcs/class/corlib/System.Reflection/MonoMethod.cs:230 
	[PASS] ThenSubscriberShouldBeAbleToReceiveManyMessages : Test passed
		  at PubNubMessaging.Tests.WhenSubscribedToAChannel.ThenSubscriberShouldBeAbleToReceiveManyMessages () [0x0012e] in /Users/rajat-ml/Projects/Xamarin.iOS/3.5/Pubnub-Messaging-modified-tests/PubnubMessaging.Tests/WhenSubscribedToAChannel.cs:397 
		  at (wrapper managed-to-native) System.Reflection.MonoMethod:InternalInvoke (System.Reflection.MonoMethod,object,object[],System.Exception&)
		  at System.Reflection.MonoMethod.Invoke (System.Object obj, BindingFlags invokeAttr, System.Reflection.Binder binder, System.Object[] parameters, System.Globalization.CultureInfo culture) [0x00044] in /Developer/MonoTouch/Source/mono/mcs/class/corlib/System.Reflection/MonoMethod.cs:230 
	[PASS] ThenSubscribeShouldReturnConnectStatus : Connected and status code received
		  at PubNubMessaging.Tests.WhenSubscribedToAChannel.ThenSubscribeShouldReturnConnectStatus () [0x00091] in /Users/rajat-ml/Projects/Xamarin.iOS/3.5/Pubnub-Messaging-modified-tests/PubnubMessaging.Tests/WhenSubscribedToAChannel.cs:266 
		  at (wrapper managed-to-native) System.Reflection.MonoMethod:InternalInvoke (System.Reflection.MonoMethod,object,object[],System.Exception&)
		  at System.Reflection.MonoMethod.Invoke (System.Object obj, BindingFlags invokeAttr, System.Reflection.Binder binder, System.Object[] parameters, System.Globalization.CultureInfo culture) [0x00044] in /Developer/MonoTouch/Source/mono/mcs/class/corlib/System.Reflection/MonoMethod.cs:230 
WhenSubscribedToAChannel : 23734 ms

WhenUnsubscribedToAChannel
	[PASS] ThenNonExistentChannelShouldReturnNotSubscribed
		  at PubNubMessaging.Tests.WhenUnsubscribedToAChannel.ThenNonExistentChannelShouldReturnNotSubscribed () [0x000c6] in /Users/rajat-ml/Projects/Xamarin.iOS/3.5/Pubnub-Messaging-modified-tests/PubnubMessaging.Tests/WhenUnsubscribedToAChannel.cs:30 
		  at (wrapper managed-to-native) System.Reflection.MonoMethod:InternalInvoke (System.Reflection.MonoMethod,object,object[],System.Exception&)
		  at System.Reflection.MonoMethod.Invoke (System.Object obj, BindingFlags invokeAttr, System.Reflection.Binder binder, System.Object[] parameters, System.Globalization.CultureInfo culture) [0x00044] in /Developer/MonoTouch/Source/mono/mcs/class/corlib/System.Reflection/MonoMethod.cs:230 
	[PASS] ThenShouldReturnUnsubscribedMessage
		  at PubNubMessaging.Tests.WhenUnsubscribedToAChannel.ThenShouldReturnUnsubscribedMessage () [0x000ed] in /Users/rajat-ml/Projects/Xamarin.iOS/3.5/Pubnub-Messaging-modified-tests/PubnubMessaging.Tests/WhenUnsubscribedToAChannel.cs:60 
		  at (wrapper managed-to-native) System.Reflection.MonoMethod:InternalInvoke (System.Reflection.MonoMethod,object,object[],System.Exception&)
		  at System.Reflection.MonoMethod.Invoke (System.Object obj, BindingFlags invokeAttr, System.Reflection.Binder binder, System.Object[] parameters, System.Globalization.CultureInfo culture) [0x00044] in /Developer/MonoTouch/Source/mono/mcs/class/corlib/System.Reflection/MonoMethod.cs:230 
WhenUnsubscribedToAChannel : 1568 ms
PubnubMessagingTests : 185384 ms
Tests run: 83 Passed: 83 Inconclusive: 0 Failed: 0 Ignored: 0
